{"total": {"lines":{"total":140,"covered":140,"skipped":0,"pct":100},"statements":{"total":158,"covered":156,"skipped":0,"pct":98.73},"functions":{"total":38,"covered":37,"skipped":0,"pct":97.36},"branches":{"total":84,"covered":74,"skipped":0,"pct":88.09},"branchesTrue":{"total":0,"covered":0,"skipped":0,"pct":100}}
,"/app/apps/poste-client/src/contexts/ThemeContext.tsx": {"lines":{"total":13,"covered":13,"skipped":0,"pct":100},"functions":{"total":6,"covered":6,"skipped":0,"pct":100},"statements":{"total":15,"covered":15,"skipped":0,"pct":100},"branches":{"total":2,"covered":2,"skipped":0,"pct":100}}
,"/app/apps/poste-client/src/hooks/use-barcode-scanner.ts": {"lines":{"total":40,"covered":40,"skipped":0,"pct":100},"functions":{"total":5,"covered":5,"skipped":0,"pct":100},"statements":{"total":45,"covered":44,"skipped":0,"pct":97.77},"branches":{"total":29,"covered":26,"skipped":0,"pct":89.65}}
,"/app/apps/poste-client/src/hooks/use-mobile.ts": {"lines":{"total":10,"covered":10,"skipped":0,"pct":100},"functions":{"total":4,"covered":4,"skipped":0,"pct":100},"statements":{"total":11,"covered":11,"skipped":0,"pct":100},"branches":{"total":0,"covered":0,"skipped":0,"pct":100}}
,"/app/apps/poste-client/src/lib/format.ts": {"lines":{"total":14,"covered":14,"skipped":0,"pct":100},"functions":{"total":4,"covered":4,"skipped":0,"pct":100},"statements":{"total":15,"covered":15,"skipped":0,"pct":100},"branches":{"total":12,"covered":12,"skipped":0,"pct":100}}
,"/app/apps/poste-client/src/lib/offline-queue.ts": {"lines":{"total":33,"covered":33,"skipped":0,"pct":100},"functions":{"total":7,"covered":7,"skipped":0,"pct":100},"statements":{"total":33,"covered":33,"skipped":0,"pct":100},"branches":{"total":17,"covered":15,"skipped":0,"pct":88.23}}
,"/app/apps/poste-client/src/lib/theme.ts": {"lines":{"total":23,"covered":23,"skipped":0,"pct":100},"functions":{"total":9,"covered":8,"skipped":0,"pct":88.88},"statements":{"total":32,"covered":31,"skipped":0,"pct":96.87},"branches":{"total":16,"covered":15,"skipped":0,"pct":93.75}}
,"/app/apps/poste-client/src/lib/utils.ts": {"lines":{"total":1,"covered":1,"skipped":0,"pct":100},"functions":{"total":1,"covered":1,"skipped":0,"pct":100},"statements":{"total":1,"covered":1,"skipped":0,"pct":100},"branches":{"total":0,"covered":0,"skipped":0,"pct":100}}
,"/app/apps/poste-client/src/lib/version.ts": {"lines":{"total":6,"covered":6,"skipped":0,"pct":100},"functions":{"total":2,"covered":2,"skipped":0,"pct":100},"statements":{"total":6,"covered":6,"skipped":0,"pct":100},"branches":{"total":8,"covered":4,"skipped":0,"pct":50}}
}
